<?xml version="1.0" encoding="UTF-8"?>
<testsuite name="TestSuite" time="35.271" tests="10" errors="0" skipped="0" failures="0">
  <properties>
[...]
</properties>
  <testcase name="iOpenThePage" classname="Steps.LoginAndSaveDataStep" time="7.807"/>
  <testcase name="iNavigateToTheRegisterPage" classname="Steps.LoginAndSaveDataStep" time="4.98"/>
  <testcase name="iClickOnGoogleSign" classname="Steps.LoginAndSaveDataStep" time="1.791"/>
  <testcase name="iEnterMyGmailEmailAs" classname="Steps.LoginAndSaveDataStep" time="2.334"/>
  <testcase name="iClickOnTheNextButtonOnEmailPage" classname="Steps.LoginAndSaveDataStep" time="0.35"/>
  <testcase name="iEnterPasswordAs" classname="Steps.LoginAndSaveDataStep" time="1.458"/>
  <testcase name="iClickOnTheNextButtonOnPasswordPage" classname="Steps.LoginAndSaveDataStep" time="5.247"/>
  <testcase name="iEnterToTheSportPage" classname="Steps.LoginAndSaveDataStep" time="3.775"/>
  <testcase name="iEnterToTheBasketballPage" classname="Steps.LoginAndSaveDataStep" time="5.021"/>
  <testcase name="iGetAllTitlesOfArticlesAndSaveThemToTheDocument" classname="Steps.LoginAndSaveDataStep" time="2.508"/>
</testsuite>