<?xml version="1.0" encoding="UTF-8"?>
<!-- Generated by org.testng.reporters.JUnitXMLReporter -->
<testsuite ignored="0" hostname="ws-mbp121-124.local" failures="0" tests="10" name="Register, Login and Save data" time="39.953" errors="0" timestamp="08 Apr 2020 13:58:02 GMT">
  <testcase classname="Steps.LoginAndSaveDataStep" name="iOpenThePage" time="7.619"/>
  <testcase classname="Steps.LoginAndSaveDataStep" name="iNavigateToTheRegisterPage" time="4.972"/>
  <testcase classname="Steps.LoginAndSaveDataStep" name="iClickOnGoogleSign" time="1.795"/>
  <testcase classname="Steps.LoginAndSaveDataStep" name="iEnterMyGmailEmailAs" time="2.338"/>
  <testcase classname="Steps.LoginAndSaveDataStep" name="iClickOnTheNextButtonOnEmailPage" time="0.352"/>
  <testcase classname="Steps.LoginAndSaveDataStep" name="iEnterPasswordAs" time="1.458"/>
  <testcase classname="Steps.LoginAndSaveDataStep" name="iClickOnTheNextButtonOnPasswordPage" time="5.224"/>
  <testcase classname="Steps.LoginAndSaveDataStep" name="iEnterToTheSportPage" time="3.473"/>
  <testcase classname="Steps.LoginAndSaveDataStep" name="iEnterToTheBasketballPage" time="5.026"/>
  <testcase classname="Steps.LoginAndSaveDataStep" name="iGetAllTitlesOfArticlesAndSaveThemToTheDocument" time="2.511"/>
</testsuite> <!-- Register, Login and Save data -->
